[0m02:53:22.756174 [debug] [MainThread]: Sending event: {'category': 'dbt', 'action': 'invocation', 'label': 'start', 'context': [<snowplow_tracker.self_describing_json.SelfDescribingJson object at 0x7f28f189eb10>, <snowplow_tracker.self_describing_json.SelfDescribingJson object at 0x7f28f189e9d0>, <snowplow_tracker.self_describing_json.SelfDescribingJson object at 0x7f28eec82090>]}


============================== 02:53:22.762237 | 74246da9-ee2d-4e38-9375-14882bac3238 ==============================
[0m02:53:22.762237 [info ] [MainThread]: Running with dbt=1.10.11
[0m02:53:22.762966 [debug] [MainThread]: running dbt with arguments {'send_anonymous_usage_stats': 'True', 'profiles_dir': '/usr/app', 'log_path': 'logs', 'empty': 'None', 'debug': 'False', 'cache_selected_only': 'False', 'target_path': 'None', 'version_check': 'True', 'printer_width': '80', 'log_cache_events': 'False', 'invocation_command': 'dbt init', 'indirect_selection': 'eager', 'use_colors': 'True', 'write_json': 'True', 'partial_parse': 'True', 'use_experimental_parser': 'False', 'log_format': 'default', 'no_print': 'None', 'fail_fast': 'False', 'warn_error': 'None', 'quiet': 'False', 'introspect': 'True', 'warn_error_options': 'WarnErrorOptionsV2(error=[], warn=[], silence=[])', 'static_parser': 'True'}
[0m02:53:41.030294 [debug] [MainThread]: Starter project path: /usr/local/lib/python3.11/site-packages/dbt/include/starter_project
[0m02:53:41.036113 [info ] [MainThread]: 
Your new dbt project "MacroLakehouse" was created!

For more information on how to configure the profiles.yml file,
please consult the dbt documentation here:

  https://docs.getdbt.com/docs/configure-your-profile

One more thing:

Need help? Don't hesitate to reach out to us via GitHub issues or on Slack:

  https://community.getdbt.com/

Happy modeling!

[0m02:53:41.036975 [info ] [MainThread]: Setting up your profile.
[0m02:53:53.229780 [info ] [MainThread]: Profile MacroLakehouse written to /usr/app/profiles.yml using target's sample configuration. Once updated, you'll be able to start developing with dbt.
[0m02:53:53.231101 [debug] [MainThread]: Resource report: {"command_name": "init", "command_success": true, "command_wall_clock_time": 30.531145, "process_in_blocks": "61232", "process_kernel_time": 0.264683, "process_mem_max_rss": "104340", "process_out_blocks": "2240", "process_user_time": 1.311567}
[0m02:53:53.231552 [debug] [MainThread]: Command `dbt init` succeeded at 02:53:53.231477 after 30.53 seconds
[0m02:53:53.231819 [debug] [MainThread]: Sending event: {'category': 'dbt', 'action': 'invocation', 'label': 'end', 'context': [<snowplow_tracker.self_describing_json.SelfDescribingJson object at 0x7f28ef0d57d0>, <snowplow_tracker.self_describing_json.SelfDescribingJson object at 0x7f28f33f49d0>, <snowplow_tracker.self_describing_json.SelfDescribingJson object at 0x7f28eecf3f90>]}
[0m02:53:53.232103 [debug] [MainThread]: Flushing usage events
[0m02:53:54.889482 [debug] [MainThread]: An error was encountered while trying to flush usage events
